<?xml version="1.0" encoding="UTF-8"?>
<!-- Generated by org.testng.reporters.JUnitXMLReporter -->
<testsuite ignored="0" hostname="Saurabhs-MacBook-Air.local" failures="0" tests="10" name="Contact Details UI Test" time="12.03" errors="0" timestamp="2024-06-23T23:03:05 IST">
  <testcase classname="ORHRM.Tests.T_ContactDtlsFields" name="T_ContactDtlsFields" time="0.403"/>
  <testcase classname="ORHRM.Tests.T_ContactDtlsFields" name="T_ContactDtlsFields" time="0.013"/>
  <testcase classname="ORHRM.Tests.T_ContactDtlsFields" name="T_ContactDtlsFields" time="0.01"/>
  <testcase classname="ORHRM.Tests.T_ContactDtlsFields" name="T_ContactDtlsFields" time="0.009"/>
  <testcase classname="ORHRM.Tests.T_ContactDtlsFields" name="T_ContactDtlsFields" time="0.01"/>
  <testcase classname="ORHRM.Tests.T_ContactDtlsFields" name="T_ContactDtlsFields" time="0.01"/>
  <testcase classname="ORHRM.Tests.T_ContactDtlsFields" name="T_ContactDtlsFields" time="0.016"/>
  <testcase classname="ORHRM.Tests.T_ContactDtlsFields" name="T_ContactDtlsFields" time="0.009"/>
  <testcase classname="ORHRM.Tests.T_ContactDtlsFields" name="T_ContactDtlsFields" time="0.012"/>
  <testcase classname="ORHRM.Tests.T_ContactDtlsFields" name="T_ContactDtlsFields" time="0.01"/>
</testsuite> <!-- Contact Details UI Test -->
