<?xml version="1.0" encoding="UTF-8"?>
<!-- Generated by org.testng.reporters.JUnitXMLReporter -->
<testsuite ignored="0" hostname="Saurabhs-MacBook-Air.local" failures="0" tests="5" name="Login Test" time="25.977" errors="0" timestamp="2024-06-23T23:02:40 IST">
  <testcase classname="ORHRM.Tests.T_LoginTest" name="T_LoginTest" time="1.773"/>
  <testcase classname="ORHRM.Tests.T_LoginTest" name="T_LoginTest" time="1.765"/>
  <testcase classname="ORHRM.Tests.T_LoginTest" name="T_LoginTest" time="1.478"/>
  <testcase classname="ORHRM.Tests.T_LoginTest" name="T_LoginTest" time="16.319"/>
  <testcase classname="ORHRM.Tests.T_LoginTest" name="T_Sample" time="0.001"/>
</testsuite> <!-- Login Test -->
